Release 14.6 - xst P.68d (nt64)
Copyright (c) 1995-2013 Xilinx, Inc.  All rights reserved.
--> Parameter TMPDIR set to xst/projnav.tmp


Total REAL time to Xst completion: 0.00 secs
Total CPU time to Xst completion: 0.08 secs
 
--> Parameter xsthdpdir set to xst


Total REAL time to Xst completion: 0.00 secs
Total CPU time to Xst completion: 0.08 secs
 
--> Reading design: UARTEcho.prj

TABLE OF CONTENTS
  1) Synthesis Options Summary
  2) HDL Parsing
  3) HDL Elaboration
  4) HDL Synthesis
       4.1) HDL Synthesis Report
  5) Advanced HDL Synthesis
       5.1) Advanced HDL Synthesis Report
  6) Low Level Synthesis
  7) Partition Report
  8) Design Summary
       8.1) Primitive and Black Box Usage
       8.2) Device utilization summary
       8.3) Partition Resource Summary
       8.4) Timing Report
            8.4.1) Clock Information
            8.4.2) Asynchronous Control Signals Information
            8.4.3) Timing Summary
            8.4.4) Timing Details
            8.4.5) Cross Clock Domains Report


=========================================================================
*                      Synthesis Options Summary                        *
=========================================================================
---- Source Parameters
Input File Name                    : "UARTEcho.prj"
Ignore Synthesis Constraint File   : NO

---- Target Parameters
Output File Name                   : "UARTEcho"
Output Format                      : NGC
Target Device                      : xc6slx45-2-fgg676

---- Source Options
Top Module Name                    : UARTEcho
Automatic FSM Extraction           : YES
FSM Encoding Algorithm             : Auto
Safe Implementation                : No
FSM Style                          : LUT
RAM Extraction                     : Yes
RAM Style                          : Auto
ROM Extraction                     : Yes
Shift Register Extraction          : YES
ROM Style                          : Auto
Resource Sharing                   : YES
Asynchronous To Synchronous        : NO
Shift Register Minimum Size        : 2
Use DSP Block                      : Auto
Automatic Register Balancing       : No

---- Target Options
LUT Combining                      : Auto
Reduce Control Sets                : Auto
Add IO Buffers                     : YES
Global Maximum Fanout              : 100000
Add Generic Clock Buffer(BUFG)     : 16
Register Duplication               : YES
Optimize Instantiated Primitives   : NO
Use Clock Enable                   : Auto
Use Synchronous Set                : Auto
Use Synchronous Reset              : Auto
Pack IO Registers into IOBs        : Auto
Equivalent register Removal        : YES

---- General Options
Optimization Goal                  : Speed
Optimization Effort                : 1
Power Reduction                    : NO
Keep Hierarchy                     : No
Netlist Hierarchy                  : As_Optimized
RTL Output                         : Yes
Global Optimization                : AllClockNets
Read Cores                         : YES
Write Timing Constraints           : NO
Cross Clock Analysis               : NO
Hierarchy Separator                : /
Bus Delimiter                      : <>
Case Specifier                     : Maintain
Slice Utilization Ratio            : 100
BRAM Utilization Ratio             : 100
DSP48 Utilization Ratio            : 100
Auto BRAM Packing                  : NO
Slice Utilization Ratio Delta      : 5

=========================================================================


=========================================================================
*                          HDL Parsing                                  *
=========================================================================
Parsing VHDL file "C:\Users\student\LRI2\UART\UARTTransmitter.vhd" into library work
Parsing entity <UARTTransmitter>.
Parsing architecture <Behavioral> of entity <uarttransmitter>.
Parsing VHDL file "C:\Users\student\LRI2\UART\UARTReciever.vhd" into library work
Parsing entity <UARTReciever>.
Parsing architecture <Behavioral> of entity <uartreciever>.
Parsing VHDL file "C:\Users\student\LRI2\UART\BaudRateGenerator.vhd" into library work
Parsing entity <BaudRateGenerator>.
Parsing architecture <Behavioral> of entity <baudrategenerator>.
Parsing VHDL file "C:\Users\student\LRI2\UART\UARTController.vhd" into library work
Parsing entity <UARTController>.
Parsing architecture <Behavioral> of entity <uartcontroller>.
Parsing VHDL file "C:\Users\student\LRI2\UART\Echo.vhd" into library work
Parsing entity <Echo>.
Parsing architecture <Behavioral> of entity <echo>.
Parsing VHDL file "C:\Users\student\LRI2\UART\UARTEcho.vhd" into library work
Parsing entity <UARTEcho>.
Parsing architecture <Behavioral> of entity <uartecho>.

=========================================================================
*                            HDL Elaboration                            *
=========================================================================

Elaborating entity <UARTEcho> (architecture <Behavioral>) from library <work>.

Elaborating entity <UARTController> (architecture <Behavioral>) from library <work>.

Elaborating entity <BaudRateGenerator> (architecture <Behavioral>) from library <work>.

Elaborating entity <UARTReciever> (architecture <Behavioral>) from library <work>.
WARNING:HDLCompiler:92 - "C:\Users\student\LRI2\UART\UARTReciever.vhd" Line 80: ledreg should be on the sensitivity list of the process

Elaborating entity <UARTTransmitter> (architecture <Behavioral>) from library <work>.

Elaborating entity <Echo> (architecture <Behavioral>) from library <work>.
WARNING:HDLCompiler:92 - "C:\Users\student\LRI2\UART\Echo.vhd" Line 69: current_state should be on the sensitivity list of the process
WARNING:HDLCompiler:92 - "C:\Users\student\LRI2\UART\Echo.vhd" Line 71: current_state should be on the sensitivity list of the process
WARNING:HDLCompiler:92 - "C:\Users\student\LRI2\UART\Echo.vhd" Line 79: w_done should be on the sensitivity list of the process

=========================================================================
*                           HDL Synthesis                               *
=========================================================================

Synthesizing Unit <UARTEcho>.
    Related source file is "C:\Users\student\LRI2\UART\UARTEcho.vhd".
    Summary:
	no macro.
Unit <UARTEcho> synthesized.

Synthesizing Unit <UARTController>.
    Related source file is "C:\Users\student\LRI2\UART\UARTController.vhd".
    Summary:
	no macro.
Unit <UARTController> synthesized.

Synthesizing Unit <BaudRateGenerator>.
    Related source file is "C:\Users\student\LRI2\UART\BaudRateGenerator.vhd".
    Found 8-bit register for signal <brojac>.
    Found 8-bit adder for signal <brojac[7]_GND_6_o_add_2_OUT> created at line 1241.
    Summary:
	inferred   1 Adder/Subtractor(s).
	inferred   8 D-type flip-flop(s).
	inferred   1 Multiplexer(s).
Unit <BaudRateGenerator> synthesized.

Synthesizing Unit <UARTReciever>.
    Related source file is "C:\Users\student\LRI2\UART\UARTReciever.vhd".
    Found 4-bit register for signal <tick_counter>.
    Found 3-bit register for signal <bit_counter>.
    Found 7-bit register for signal <ledReg>.
    Found 8-bit register for signal <reg>.
    Found 2-bit register for signal <current_state>.
    Found finite state machine <FSM_0> for signal <current_state>.
    -----------------------------------------------------------------------
    | States             | 4                                              |
    | Transitions        | 12                                             |
    | Inputs             | 5                                              |
    | Outputs            | 2                                              |
    | Clock              | clk (rising_edge)                              |
    | Reset              | rst (positive)                                 |
    | Reset type         | asynchronous                                   |
    | Reset State        | idle                                           |
    | Power Up State     | idle                                           |
    | Encoding           | auto                                           |
    | Implementation     | LUT                                            |
    -----------------------------------------------------------------------
    Found 3-bit adder for signal <bit_counter[2]_GND_7_o_add_21_OUT> created at line 1241.
    Found 4-bit adder for signal <tick_counter[3]_GND_7_o_add_36_OUT> created at line 1241.
    Found 7-bit 4-to-1 multiplexer for signal <ledRegNext> created at line 82.
    Found 4-bit 4-to-1 multiplexer for signal <tick_counter_next> created at line 82.
    Found 4-bit comparator greater for signal <tick_counter[3]_GND_7_o_LessThan_9_o> created at line 91
    Found 4-bit comparator greater for signal <tick_counter[3]_PWR_7_o_LessThan_36_o> created at line 118
    Summary:
	inferred   2 Adder/Subtractor(s).
	inferred  22 D-type flip-flop(s).
	inferred   2 Comparator(s).
	inferred  20 Multiplexer(s).
	inferred   1 Finite State Machine(s).
Unit <UARTReciever> synthesized.

Synthesizing Unit <UARTTransmitter>.
    Related source file is "C:\Users\student\LRI2\UART\UARTTransmitter.vhd".
    Found 1-bit register for signal <tx_reg>.
    Found 4-bit register for signal <tick_counter>.
    Found 3-bit register for signal <bit_counter>.
    Found 8-bit register for signal <reg>.
    Found 2-bit register for signal <current_state>.
    Found finite state machine <FSM_1> for signal <current_state>.
    -----------------------------------------------------------------------
    | States             | 4                                              |
    | Transitions        | 12                                             |
    | Inputs             | 4                                              |
    | Outputs            | 2                                              |
    | Clock              | clk (rising_edge)                              |
    | Reset              | rst (positive)                                 |
    | Reset type         | asynchronous                                   |
    | Reset State        | idle                                           |
    | Power Up State     | idle                                           |
    | Encoding           | auto                                           |
    | Implementation     | LUT                                            |
    -----------------------------------------------------------------------
    Found 3-bit adder for signal <bit_counter[2]_GND_8_o_add_18_OUT> created at line 1241.
    Found 4-bit adder for signal <tick_counter[3]_GND_8_o_add_30_OUT> created at line 1241.
    Found 4-bit 4-to-1 multiplexer for signal <tick_counter_next> created at line 80.
    Found 4-bit comparator greater for signal <tick_counter[3]_PWR_8_o_LessThan_30_o> created at line 117
    Summary:
	inferred   2 Adder/Subtractor(s).
	inferred  16 D-type flip-flop(s).
	inferred   1 Comparator(s).
	inferred  10 Multiplexer(s).
	inferred   1 Finite State Machine(s).
Unit <UARTTransmitter> synthesized.

Synthesizing Unit <Echo>.
    Related source file is "C:\Users\student\LRI2\UART\Echo.vhd".
    Found 8-bit register for signal <d_out_reg>.
    Found 1-bit register for signal <current_state>.
    Found 1-bit register for signal <w_start_reg>.
    Summary:
	inferred  10 D-type flip-flop(s).
Unit <Echo> synthesized.

=========================================================================
HDL Synthesis Report

Macro Statistics
# Adders/Subtractors                                   : 5
 3-bit adder                                           : 2
 4-bit adder                                           : 2
 8-bit adder                                           : 1
# Registers                                            : 12
 1-bit register                                        : 3
 3-bit register                                        : 2
 4-bit register                                        : 2
 7-bit register                                        : 1
 8-bit register                                        : 4
# Comparators                                          : 3
 4-bit comparator greater                              : 3
# Multiplexers                                         : 31
 1-bit 2-to-1 multiplexer                              : 4
 3-bit 2-to-1 multiplexer                              : 2
 4-bit 2-to-1 multiplexer                              : 12
 4-bit 4-to-1 multiplexer                              : 2
 7-bit 2-to-1 multiplexer                              : 8
 7-bit 4-to-1 multiplexer                              : 1
 8-bit 2-to-1 multiplexer                              : 2
# FSMs                                                 : 2

=========================================================================

=========================================================================
*                       Advanced HDL Synthesis                          *
=========================================================================

INFO:Xst:2261 - The FF/Latch <current_state> in Unit <EchoModul> is equivalent to the following FF/Latch, which will be removed : <w_start_reg> 

Synthesizing (advanced) Unit <BaudRateGenerator>.
The following registers are absorbed into counter <brojac>: 1 register on signal <brojac>.
Unit <BaudRateGenerator> synthesized (advanced).

Synthesizing (advanced) Unit <UARTReciever>.
The following registers are absorbed into counter <bit_counter>: 1 register on signal <bit_counter>.
Unit <UARTReciever> synthesized (advanced).

Synthesizing (advanced) Unit <UARTTransmitter>.
The following registers are absorbed into counter <bit_counter>: 1 register on signal <bit_counter>.
Unit <UARTTransmitter> synthesized (advanced).

=========================================================================
Advanced HDL Synthesis Report

Macro Statistics
# Adders/Subtractors                                   : 2
 4-bit adder                                           : 2
# Counters                                             : 3
 3-bit up counter                                      : 2
 8-bit up counter                                      : 1
# Registers                                            : 42
 Flip-Flops                                            : 42
# Comparators                                          : 3
 4-bit comparator greater                              : 3
# Multiplexers                                         : 28
 1-bit 2-to-1 multiplexer                              : 4
 4-bit 2-to-1 multiplexer                              : 12
 4-bit 4-to-1 multiplexer                              : 2
 7-bit 2-to-1 multiplexer                              : 8
 7-bit 4-to-1 multiplexer                              : 1
 8-bit 2-to-1 multiplexer                              : 1
# FSMs                                                 : 2

=========================================================================

=========================================================================
*                         Low Level Synthesis                           *
=========================================================================
INFO:Xst:2261 - The FF/Latch <w_start_reg> in Unit <Echo> is equivalent to the following FF/Latch, which will be removed : <current_state> 
Analyzing FSM <MFsm> for best encoding.
Optimizing FSM <UARTCon/UTx/FSM_1> on signal <current_state[1:2]> with gray encoding.
-------------------
 State | Encoding
-------------------
 idle  | 00
 start | 01
 data  | 11
 stop  | 10
-------------------
Analyzing FSM <MFsm> for best encoding.
Optimizing FSM <UARTCon/URx/FSM_0> on signal <current_state[1:2]> with gray encoding.
-------------------
 State | Encoding
-------------------
 idle  | 00
 start | 01
 data  | 11
 stop  | 10
-------------------
WARNING:Xst:1710 - FF/Latch <ledReg_3> (without init value) has a constant value of 0 in block <UARTReciever>. This FF/Latch will be trimmed during the optimization process.
WARNING:Xst:1895 - Due to other FF/Latch trimming, FF/Latch <ledReg_4> (without init value) has a constant value of 0 in block <UARTReciever>. This FF/Latch will be trimmed during the optimization process.
WARNING:Xst:1895 - Due to other FF/Latch trimming, FF/Latch <ledReg_5> (without init value) has a constant value of 0 in block <UARTReciever>. This FF/Latch will be trimmed during the optimization process.
WARNING:Xst:1895 - Due to other FF/Latch trimming, FF/Latch <ledReg_6> (without init value) has a constant value of 0 in block <UARTReciever>. This FF/Latch will be trimmed during the optimization process.

Optimizing unit <UARTEcho> ...

Optimizing unit <UARTTransmitter> ...

Optimizing unit <UARTReciever> ...

Optimizing unit <Echo> ...
INFO:Xst:2261 - The FF/Latch <UARTCon/URx/current_state_FSM_FFd1> in Unit <UARTEcho> is equivalent to the following FF/Latch, which will be removed : <UARTCon/URx/ledReg_1> 

Mapping all equations...
Building and optimizing final netlist ...
Found area constraint ratio of 100 (+ 5) on block UARTEcho, actual ratio is 0.

Final Macro Processing ...

=========================================================================
Final Register Report

Macro Statistics
# Registers                                            : 54
 Flip-Flops                                            : 54

=========================================================================

=========================================================================
*                           Partition Report                            *
=========================================================================

Partition Implementation Status
-------------------------------

  No Partitions were found in this design.

-------------------------------

=========================================================================
*                            Design Summary                             *
=========================================================================

Top Level Output File Name         : UARTEcho.ngc

Primitive and Black Box Usage:
------------------------------
# BELS                             : 149
#      GND                         : 1
#      LUT1                        : 5
#      LUT2                        : 4
#      LUT3                        : 22
#      LUT4                        : 12
#      LUT5                        : 31
#      LUT6                        : 58
#      MUXCY                       : 7
#      MUXF7                       : 1
#      XORCY                       : 8
# FlipFlops/Latches                : 54
#      FDC                         : 47
#      FDCE                        : 6
#      FDP                         : 1
# Clock Buffers                    : 1
#      BUFGP                       : 1
# IO Buffers                       : 10
#      IBUF                        : 2
#      OBUF                        : 8

Device utilization summary:
---------------------------

Selected Device : 6slx45fgg676-2 


Slice Logic Utilization: 
 Number of Slice Registers:              54  out of  54576     0%  
 Number of Slice LUTs:                  132  out of  27288     0%  
    Number used as Logic:               132  out of  27288     0%  

Slice Logic Distribution: 
 Number of LUT Flip Flop pairs used:    132
   Number with an unused Flip Flop:      78  out of    132    59%  
   Number with an unused LUT:             0  out of    132     0%  
   Number of fully used LUT-FF pairs:    54  out of    132    40%  
   Number of unique control sets:         2

IO Utilization: 
 Number of IOs:                          11
 Number of bonded IOBs:                  11  out of    358     3%  

Specific Feature Utilization:
 Number of BUFG/BUFGCTRLs:                1  out of     16     6%  

---------------------------
Partition Resource Summary:
---------------------------

  No Partitions were found in this design.

---------------------------


=========================================================================
Timing Report

NOTE: THESE TIMING NUMBERS ARE ONLY A SYNTHESIS ESTIMATE.
      FOR ACCURATE TIMING INFORMATION PLEASE REFER TO THE TRACE REPORT
      GENERATED AFTER PLACE-and-ROUTE.

Clock Information:
------------------
-----------------------------------+------------------------+-------+
Clock Signal                       | Clock buffer(FF name)  | Load  |
-----------------------------------+------------------------+-------+
clk                                | BUFGP                  | 54    |
-----------------------------------+------------------------+-------+

Asynchronous Control Signals Information:
----------------------------------------
No asynchronous control signals found in this design

Timing Summary:
---------------
Speed Grade: -2

   Minimum period: 4.750ns (Maximum Frequency: 210.526MHz)
   Minimum input arrival time before clock: 4.686ns
   Maximum output required time after clock: 5.173ns
   Maximum combinational path delay: No path found

Timing Details:
---------------
All values displayed in nanoseconds (ns)

=========================================================================
Timing constraint: Default period analysis for Clock 'clk'
  Clock period: 4.750ns (frequency: 210.526MHz)
  Total number of paths / destination ports: 1083 / 60
-------------------------------------------------------------------------
Delay:               4.750ns (Levels of Logic = 3)
  Source:            UARTCon/BRG/brojac_6 (FF)
  Destination:       UARTCon/URx/tick_counter_2 (FF)
  Source Clock:      clk rising
  Destination Clock: clk rising

  Data Path: UARTCon/BRG/brojac_6 to UARTCon/URx/tick_counter_2
                                Gate     Net
    Cell:in->out      fanout   Delay   Delay  Logical Name (Net Name)
    ----------------------------------------  ------------
     FDC:C->Q              3   0.525   0.994  UARTCon/BRG/brojac_6 (UARTCon/BRG/brojac_6)
     LUT3:I0->O           15   0.235   1.155  UARTCon/BRG/tick<7>_SW0 (N2)
     LUT6:I5->O           15   0.254   1.263  UARTCon/BRG/tick<7>_1 (UARTCon/BRG/tick<7>)
     LUT6:I4->O            1   0.250   0.000  UARTCon/URx/Mmux_tick_counter_next31 (UARTCon/URx/tick_counter_next<2>)
     FDC:D                     0.074          UARTCon/URx/tick_counter_2
    ----------------------------------------
    Total                      4.750ns (1.338ns logic, 3.412ns route)
                                       (28.2% logic, 71.8% route)

=========================================================================
Timing constraint: Default OFFSET IN BEFORE for Clock 'clk'
  Total number of paths / destination ports: 71 / 62
-------------------------------------------------------------------------
Offset:              4.686ns (Levels of Logic = 3)
  Source:            rx (PAD)
  Destination:       UARTCon/URx/tick_counter_2 (FF)
  Destination Clock: clk rising

  Data Path: rx to UARTCon/URx/tick_counter_2
                                Gate     Net
    Cell:in->out      fanout   Delay   Delay  Logical Name (Net Name)
    ----------------------------------------  ------------
     IBUF:I->O            17   1.328   1.664  rx_IBUF (rx_IBUF)
     LUT6:I0->O            1   0.254   1.112  UARTCon/URx/Mmux_tick_counter_next111_SW4 (N58)
     LUT6:I1->O            1   0.254   0.000  UARTCon/URx/Mmux_tick_counter_next31 (UARTCon/URx/tick_counter_next<2>)
     FDC:D                     0.074          UARTCon/URx/tick_counter_2
    ----------------------------------------
    Total                      4.686ns (1.910ns logic, 2.776ns route)
                                       (40.8% logic, 59.2% route)

=========================================================================
Timing constraint: Default OFFSET OUT AFTER for Clock 'clk'
  Total number of paths / destination ports: 4 / 4
-------------------------------------------------------------------------
Offset:              5.173ns (Levels of Logic = 1)
  Source:            UARTCon/URx/current_state_FSM_FFd1 (FF)
  Destination:       led<1> (PAD)
  Source Clock:      clk rising

  Data Path: UARTCon/URx/current_state_FSM_FFd1 to led<1>
                                Gate     Net
    Cell:in->out      fanout   Delay   Delay  Logical Name (Net Name)
    ----------------------------------------  ------------
     FDC:C->Q             45   0.525   1.736  UARTCon/URx/current_state_FSM_FFd1 (UARTCon/URx/current_state_FSM_FFd1)
     OBUF:I->O                 2.912          led_1_OBUF (led<1>)
    ----------------------------------------
    Total                      5.173ns (3.437ns logic, 1.736ns route)
                                       (66.4% logic, 33.6% route)

=========================================================================

Cross Clock Domains Report:
--------------------------

Clock to Setup on destination clock clk
---------------+---------+---------+---------+---------+
               | Src:Rise| Src:Fall| Src:Rise| Src:Fall|
Source Clock   |Dest:Rise|Dest:Rise|Dest:Fall|Dest:Fall|
---------------+---------+---------+---------+---------+
clk            |    4.750|         |         |         |
---------------+---------+---------+---------+---------+

=========================================================================


Total REAL time to Xst completion: 6.00 secs
Total CPU time to Xst completion: 5.22 secs
 
--> 

Total memory usage is 255868 kilobytes

Number of errors   :    0 (   0 filtered)
Number of warnings :    8 (   0 filtered)
Number of infos    :    3 (   0 filtered)

